stdout: Processing wallet (group 10): 3rEv4YKa1JxsupETm8C2H5CNyVc3YNMhzjgNWCDkQWv6
stdout: Processing wallet address: 3rEv4YKa1JxsupETm8C2H5CNyVc3YNMhzjgNWCDkQWv6
{
  SIGMA: [
    {
      timestamp: 1723959660,
      token_amount: 60872.836208,
      amount: 3.67,
      usdBalance: 508.15561231321385,
      sp: -1
    }
  ],
  YAKUB: [
    {
      timestamp: 1723823940,
      token_amount: 496.516267,
      amount: 0.004754198,
      usdBalance: 0.6582758571521136,
      sp: 1
    },
    {
      timestamp: 1723823940,
      token_amount: 500496.516267,
      amount: 4.765,
      usdBalance: 659.7715238889547,
      sp: -1
    }
  ],
  MUMU: [
    {
      timestamp: 1723783680,
      token_amount: 16564788.655197,
      amount: 5.412285435,
      usdBalance: 749.3959725439548,
      sp: 1
    },
    {
      timestamp: 1723760640,
      token_amount: 9583083.797939,
      amount: 3.406330824,
      usdBalance: 471.64744567059785,
      sp: 1
    }
  ],
  mini: [
    {
      timestamp: 1723782180,
      token_amount: 50711.859426,
      amount: 3,
      usdBalance: 415.3860591116189,
      sp: -1
    }
  ],
  LOCKIN: [
    {
      timestamp: 1723726800,
      token_amount: 32538.802189113,
      amount: 2.179881354,
      usdBalance: 301.8307749896533,
      sp: 1
    },
    {
      timestamp: 1723317720,
      token_amount: 6547.853308535,
      amount: 0.5,
      usdBalance: 69.23100985193649,
      sp: -1
    }
  ]
}
{
  SIGMA: -508.1556123132138,
  YAKUB: 0.0037512331695420675,
  MUMU: 1221.0434182145527,
  mini: -415.3860591116189,
  LOCKIN: 232.59976513771682
}
Total Transaction: 8
Win Rate: 60.0% (3/5)
Total PnL: 530.11$

Processing wallet (group 10): FRsaMzvjDS9HquNhW1kZgemg1wJfw2XBjb9XcQrbSJC8
stdout: Processing wallet address: FRsaMzvjDS9HquNhW1kZgemg1wJfw2XBjb9XcQrbSJC8
{}
{}
Total Transaction: 0
Win Rate: 0% (0/0)
Total PnL: 0.00$

Processing wallet (group 10): 46cajcvFztJZGuQdw8pHgGcMCwxCYJeGAHwFCABTrzAr
stdout: Processing wallet address: 46cajcvFztJZGuQdw8pHgGcMCwxCYJeGAHwFCABTrzAr
{}
{}
Total Transaction: 0
Win Rate: 0% (0/0)
Total PnL: 0.00$

Processing wallet (group 10): EzhA5veSbqx7APCJier7WfPaBfknUgGYifQBHV3JGsQw
stdout: Processing wallet address: EzhA5veSbqx7APCJier7WfPaBfknUgGYifQBHV3JGsQw
{}
{}
Total Transaction: 0
Win Rate: 0% (0/0)
Total PnL: 0.00$

Processing wallet (group 10): EmBmfDDdFJeiAvebcchCZdkfqH1sBmR6BEabiAkV9Vhu
stdout: Processing wallet address: EmBmfDDdFJeiAvebcchCZdkfqH1sBmR6BEabiAkV9Vhu
{
  Doge: [
    {
      timestamp: 1723610580,
      token_amount: 15778474.281758,
      amount: 0.673022517,
      usdBalance: 93.1880570100042,
      sp: 1
    },
    {
      timestamp: 1723602300,
      token_amount: 2890230.266621,
      amount: 1.98,
      usdBalance: 274.1547990136685,
      sp: -1
    },
    {
      timestamp: 1723600860,
      token_amount: 2987644.222802,
      amount: 1.98,
      usdBalance: 274.1547990136685,
      sp: -1
    }
  ],
  HOFF: [
    {
      timestamp: 1723600800,
      token_amount: 11523526.507593,
      amount: 0.630891401,
      usdBalance: 87.35449759626603,
      sp: 1
    }
  ],
  SNIBBU: [
    {
      timestamp: 1723589340,
      token_amount: 850207871.599263,
      amount: 9.9,
      usdBalance: 1370.7739950683426,
      sp: -1
    }
  ],
  MULTRA: [
    {
      timestamp: 1723570860,
      token_amount: 880745.050604,
      amount: 2.792947225,
      usdBalance: 386.71711369982734,
      sp: 1
    }
  ],
  coby: [
    {
      timestamp: 1723566720,
      token_amount: 541151.292794,
      amount: 12.87,
      usdBalance: 1782.0061935888452,
      sp: -1
    }
  ],
  ONI: [
    {
      timestamp: 1723162080,
      token_amount: 7518603.385569,
      amount: 10.748003118,
      usdBalance: 1488.1902195018042,
      sp: 1
    },
    {
      timestamp: 1723143060,
      token_amount: 4131689.854709,
      amount: 29.7,
      usdBalance: 4112.321985205028,
      sp: -1
    }
  ],
  Kanpai: [
    {
      timestamp: 1723126980,
      token_amount: 9842661.250596,
      amount: 2.97,
      usdBalance: 411.2321985205028,
      sp: -1
    }
  ],
  Butters: [
    {
      timestamp: 1723125420,
      token_amount: 1739905.080418,
      amount: 1.98,
      usdBalance: 274.1547990136685,
      sp: -1
    },
    {
      timestamp: 1723124940,
      token_amount: 3809389.566495,
      amount: 4.95,
      usdBalance: 685.3869975341713,
      sp: -1
    }
  ],
  WTS: [
    {
      timestamp: 1723125000,
      token_amount: 1421585.115701,
      amount: 11.277077769,
      usdBalance: 1561.4469642533859,
      sp: 1
    }
  ]
}
{
  Doge: -455.1215410173328,
  HOFF: 87.35449759626603,
  SNIBBU: -1370.7739950683426,
  MULTRA: 386.71711369982734,
  coby: -1782.0061935888452,
  ONI: -2624.1317657032237,
  Kanpai: -411.2321985205028,
  Butters: -959.5417965478398,
  WTS: 1561.4469642533859
}
Total Transaction: 13
Win Rate: 0.0% (0/9)
Total PnL: -5567.29$

Processing wallet (group 10): HRwNdn63MHhLEYvYBVuTK7bP9XfS4YkT4x8nMsFXmhP6
stdout: Processing wallet address: HRwNdn63MHhLEYvYBVuTK7bP9XfS4YkT4x8nMsFXmhP6
{}
{}
Total Transaction: 0
Win Rate: 0% (0/0)
Total PnL: 0.00$

Processing wallet (group 10): 5WBzD4ZWs4JQkA8uZGDmzFTZmWSJU2VPfNLwa4kS1oXD
stdout: Processing wallet address: 5WBzD4ZWs4JQkA8uZGDmzFTZmWSJU2VPfNLwa4kS1oXD
{}
{}
Total Transaction: 0
Win Rate: 0% (0/0)
Total PnL: 0.00$

Processing wallet (group 10): D7x2BcEwZoj4iqXQYqACjBm5bUedDm8jAFy2yognM4BS
stdout: Processing wallet address: D7x2BcEwZoj4iqXQYqACjBm5bUedDm8jAFy2yognM4BS
{}
{}
Total Transaction: 0
Win Rate: 0% (0/0)
Total PnL: 0.00$

Processing wallet (group 10): Darkj2yutZivbJKQ2WvPEUeZtGFAc3vNBNht3i3P622b
stdout: Processing wallet address: Darkj2yutZivbJKQ2WvPEUeZtGFAc3vNBNht3i3P622b
{}
{}
Total Transaction: 0
Win Rate: 0% (0/0)
Total PnL: 0.00$

Processing wallet (group 10): HtzjVFdk59cpqQZzPzpwPYt54yurNyFbunuaZFxDTVFW
stdout: Processing wallet address: HtzjVFdk59cpqQZzPzpwPYt54yurNyFbunuaZFxDTVFW
{}
{}
Total Transaction: 0
Win Rate: 0% (0/0)
Total PnL: 0.00$

Processing wallet (group 10): ACPVMSXjhQpHccLYrrwv3k2g9PJQGq3VgEhgt5ERKsXB
stdout: Processing wallet address: ACPVMSXjhQpHccLYrrwv3k2g9PJQGq3VgEhgt5ERKsXB
{
  F: [
    {
      timestamp: 1723930860,
      token_amount: 1949360.682204,
      amount: 1.953185605,
      usdBalance: 270.4420237248311,
      sp: 1
    },
    {
      timestamp: 1723929780,
      token_amount: 1949360.682204,
      amount: 1,
      usdBalance: 138.46201970387298,
      sp: -1
    }
  ],
  turbo: [
    {
      timestamp: 1723485060,
      token_amount: 1166502.277852,
      amount: 0.502467341,
      usdBalance: 69.57264287009467,
      sp: 1
    }
  ],
  USDC: [
    {
      timestamp: 1723439040,
      token_amount: 127.564178,
      amount: 0.886553026,
      usdBalance: 122.75392255454021,
      sp: 1
    },
    {
      timestamp: 1723394400,
      token_amount: 2522587.638179,
      amount: 0.594161746,
      usdBalance: 82.26883538193958,
      sp: 1
    }
  ],
  PAM: [
    {
      timestamp: 1723385820,
      token_amount: 722052.197533,
      amount: 0.390413373,
      usdBalance: 54.05742414498151,
      sp: 1
    },
    {
      timestamp: 1723385220,
      token_amount: 722052.197533,
      amount: 0.5,
      usdBalance: 69.23100985193649,
      sp: -1
    }
  ]
}
{
  F: 131.9800040209581,
  turbo: 69.57264287009467,
  USDC: 205.0227579364798,
  PAM: -15.17358570695498
}
Total Transaction: 7
Win Rate: 50.0% (2/4)
Total PnL: 391.40$

Processing wallet (group 10): DL8uvn3vAPW6i9oa6gMTqyR6x9kLTjpqLbDm3yJsoWBe
stdout: Processing wallet address: DL8uvn3vAPW6i9oa6gMTqyR6x9kLTjpqLbDm3yJsoWBe
{
  skibidi: [
    {
      timestamp: 1723575180,
      token_amount: 9074790.807947,
      amount: 1.735732412,
      usdBalance: 240.33301543099498,
      sp: 1
    }
  ],
  DRC: [
    {
      timestamp: 1723571520,
      token_amount: 2822520.602864,
      amount: 8.701986129,
      usdBalance: 1204.8945748564274,
      sp: 1
    },
    {
      timestamp: 1723488300,
      token_amount: 2822520.602864,
      amount: 5,
      usdBalance: 692.3100985193649,
      sp: -1
    }
  ],
  TrumpElon: [
    {
      timestamp: 1723398960,
      token_amount: 1721708.363971,
      amount: 1.763881508,
      usdBalance: 244.2305961159932,
      sp: 1
    },
    {
      timestamp: 1723390080,
      token_amount: 1721708.363971,
      amount: 1,
      usdBalance: 138.46201970387298,
      sp: -1
    }
  ],
  TRUMPELON: [
    {
      timestamp: 1723398660,
      token_amount: 11480269.330871,
      amount: 12.7199403,
      usdBalance: 1761.228624450688,
      sp: 1
    },
    {
      timestamp: 1723377600,
      token_amount: 2338061.59218,
      amount: 1.89710289,
      usdBalance: 262.67669773545435,
      sp: 1
    },
    {
      timestamp: 1723242180,
      token_amount: 2982285.422247,
      amount: 1,
      usdBalance: 138.46201970387298,
      sp: -1
    },
    {
      timestamp: 1723217640,
      token_amount: 4285602.46298,
      amount: 2,
      usdBalance: 276.92403940774597,
      sp: -1
    },
    {
      timestamp: 1723197960,
      token_amount: 4956153.854432,
      amount: 3,
      usdBalance: 415.3860591116189,
      sp: -1
    }
  ],
  SELFIE: [
    {
      timestamp: 1723278900,
      token_amount: 119385.657442,
      amount: 10,
      usdBalance: 1384.6201970387299,
      sp: -1
    },
    {
      timestamp: 1723278840,
      token_amount: 120148.050716,
      amount: 10,
      usdBalance: 1384.6201970387299,
      sp: -1
    },
    {
      timestamp: 1723278660,
      token_amount: 121305.262526,
      amount: 10,
      usdBalance: 1384.6201970387299,
      sp: -1
    },
    {
      timestamp: 1723278600,
      token_amount: 122225.738054,
      amount: 10,
      usdBalance: 1384.6201970387299,
      sp: -1
    },
    {
      timestamp: 1723278600,
      token_amount: 123016.035021,
      amount: 10,
      usdBalance: 1384.6201970387299,
      sp: -1
    },
    {
      timestamp: 1723278600,
      token_amount: 123814.025037,
      amount: 10,
      usdBalance: 1384.6201970387299,
      sp: -1
    }
  ],
  mime: [
    {
      timestamp: 1723278360,
      token_amount: 3100309.052274,
      amount: 1.735593023,
      usdBalance: 240.31371534853048,
      sp: 1
    },
    {
      timestamp: 1723277940,
      token_amount: 819521.338809,
      amount: 1,
      usdBalance: 138.46201970387298,
      sp: -1
    },
    {
      timestamp: 1723277760,
      token_amount: 2280787.713465,
      amount: 3,
      usdBalance: 415.3860591116189,
      sp: -1
    }
  ]
}
{
  skibidi: 240.33301543099498,
  DRC: 512.5844763370624,
  TrumpElon: 105.76857641212021,
  TRUMPELON: 997.175164874307,
  SELFIE: -8307.721182232379,
  mime: -313.5343634669614
}
Total Transaction: 19
Win Rate: 33.3% (2/6)
Total PnL: -6765.39$

Processing wallet (group 10): 399KQd6BqAcGpCb7U1DZYP9HPMkMa2FAyoMWzPfxE2HX
stdout: Processing wallet address: 399KQd6BqAcGpCb7U1DZYP9HPMkMa2FAyoMWzPfxE2HX
{}
{}
Total Transaction: 0
Win Rate: 0% (0/0)
Total PnL: 0.00$

Processing wallet (group 10): Djn9EtKZyT8r7UUdBb9ZVsHoNXWKAsbKziYEMaztPPf8
stdout: Processing wallet address: Djn9EtKZyT8r7UUdBb9ZVsHoNXWKAsbKziYEMaztPPf8
{}
{}
Total Transaction: 0
Win Rate: 0% (0/0)
Total PnL: 0.00$

Processing wallet (group 10): 4vzT8fzR2VEjNzwcudN2Tp2e4RMobi44u96hWB1MCmmB
stdout: Processing wallet address: 4vzT8fzR2VEjNzwcudN2Tp2e4RMobi44u96hWB1MCmmB
{
  POPCAT: [
    {
      timestamp: 1723566180,
      token_amount: 0.134074999,
      amount: 0.000506159,
      usdBalance: 0.07008379743129264,
      sp: 1
    }
  ],
  PILLY: [
    {
      timestamp: 1723566120,
      token_amount: 3200,
      amount: 0.001875383,
      usdBalance: 0.25966931789830844,
      sp: 1
    }
  ],
  POCAT: [
    {
      timestamp: 1723566120,
      token_amount: 3400,
      amount: 0.006994886,
      usdBalance: 0.9685260431583452,
      sp: 1
    }
  ]
}
{
  POPCAT: 0.07008379743129264,
  PILLY: 0.25966931789830844,
  POCAT: 0.9685260431583452
}
Total Transaction: 3
Win Rate: 0.0% (0/3)
Total PnL: 1.30$

Processing wallet (group 10): 8deJ9xeUvXSJwicYptA9mHsU2rN2pDx37KWzkDkEXhU6
stdout: Processing wallet address: 8deJ9xeUvXSJwicYptA9mHsU2rN2pDx37KWzkDkEXhU6
{
  '$ZOLOFT': [
    {
      timestamp: 1723923660,
      token_amount: 2151743.401614,
      amount: 33.082992498,
      usdBalance: 4580.737959121158,
      sp: 1
    },
    {
      timestamp: 1723922760,
      token_amount: 1056619.079614,
      amount: 24.75,
      usdBalance: 3426.934987670856,
      sp: -1
    },
    {
      timestamp: 1723922760,
      token_amount: 1095124.322,
      amount: 19.8,
      usdBalance: 2741.5479901366853,
      sp: -1
    }
  ],
  '$MUD': [
    {
      timestamp: 1723880880,
      token_amount: 9942813.002904,
      amount: 3.589850352,
      usdBalance: 497.05793017257935,
      sp: 1
    },
    {
      timestamp: 1723874640,
      token_amount: 8904219.183801,
      amount: 4.95,
      usdBalance: 685.3869975341713,
      sp: -1
    }
  ],
  COOK: [
    {
      timestamp: 1723849380,
      token_amount: 88344785.679549,
      amount: 5.455443313,
      usdBalance: 755.371699497968,
      sp: 1
    },
    {
      timestamp: 1723849320,
      token_amount: 88344785.679549,
      amount: 4.95,
      usdBalance: 685.3869975341713,
      sp: -1
    }
  ],
  SADFROG: [
    {
      timestamp: 1723808400,
      token_amount: 7857272.411105,
      amount: 10.878756891,
      usdBalance: 1506.294650995286,
      sp: 1
    },
    {
      timestamp: 1723807920,
      token_amount: 7857272.411105,
      amount: 9.9,
      usdBalance: 1370.7739950683426,
      sp: -1
    }
  ],
  BigT: [
    {
      timestamp: 1723776240,
      token_amount: 53447.279220228,
      amount: 2.08701769,
      usdBalance: 288.9726845151115,
      sp: 1
    }
  ],
  REYGUN: [
    {
      timestamp: 1723772100,
      token_amount: 25848033.702515,
      amount: 9.9,
      usdBalance: 1370.7739950683426,
      sp: -1
    }
  ],
  Ian: [
    {
      timestamp: 1723771620,
      token_amount: 20284659.515596,
      amount: 4.95,
      usdBalance: 685.3869975341713,
      sp: -1
    }
  ],
  GRACIE: [
    {
      timestamp: 1723767000,
      token_amount: 7916272.07337,
      amount: 9.9,
      usdBalance: 1370.7739950683426,
      sp: -1
    }
  ],
  SMILEY: [
    {
      timestamp: 1723760220,
      token_amount: 10908176.385379,
      amount: 4.95,
      usdBalance: 685.3869975341713,
      sp: -1
    }
  ],
  DEFIANT: [
    {
      timestamp: 1723742880,
      token_amount: 7727441.532354,
      amount: 9.9,
      usdBalance: 1370.7739950683426,
      sp: -1
    }
  ],
  coge: [
    {
      timestamp: 1723741020,
      token_amount: 11997729.664998,
      amount: 4.95,
      usdBalance: 685.3869975341713,
      sp: -1
    }
  ],
  alpha: [
    {
      timestamp: 1723735680,
      token_amount: 8046766.997789,
      amount: 9.9,
      usdBalance: 1370.7739950683426,
      sp: -1
    }
  ],
  CLOUD: [
    {
      timestamp: 1723714680,
      token_amount: 2915898.523321,
      amount: 4.95,
      usdBalance: 685.3869975341713,
      sp: -1
    }
  ],
  RYU: [
    {
      timestamp: 1723704600,
      token_amount: 7163652.847811,
      amount: 0.165137121,
      usdBalance: 22.865219301742858,
      sp: 1
    }
  ],
  Happy: [
    {
      timestamp: 1723704600,
      token_amount: 391627.815988,
      amount: 1.550783231,
      usdBalance: 214.7245782871578,
      sp: 1
    },
    {
      timestamp: 1723701900,
      token_amount: 3519362.467605,
      amount: 4.95,
      usdBalance: 685.3869975341713,
      sp: -1
    }
  ],
  TARO: [
    {
      timestamp: 1723704600,
      token_amount: 5871081.970154,
      amount: 1.585015393,
      usdBalance: 219.46443257650796,
      sp: 1
    }
  ],
  ACO: [
    {
      timestamp: 1723698420,
      token_amount: 2224416.538252,
      amount: 12.790111213,
      usdBalance: 1770.9446307891326,
      sp: 1
    },
    {
      timestamp: 1723695600,
      token_amount: 13915777.469171,
      amount: 4.95,
      usdBalance: 685.3869975341713,
      sp: -1
    }
  ],
  '?': [
    {
      timestamp: 1723698000,
      token_amount: 529277.803425,
      amount: 0.057326228,
      usdBalance: 7.937505310884715,
      sp: 1
    },
    {
      timestamp: 1723691940,
      token_amount: 6827772.353398,
      amount: 9.9,
      usdBalance: 1370.7739950683426,
      sp: -1
    }
  ],
  CONQUER: [
    {
      timestamp: 1723698000,
      token_amount: 8108712.102273,
      amount: 0.266680892,
      usdBalance: 36.92517492275042,
      sp: 1
    },
    {
      timestamp: 1723693380,
      token_amount: 8108712.102273,
      amount: 4.95,
      usdBalance: 685.3869975341713,
      sp: -1
    }
  ],
  COLON: [
    {
      timestamp: 1723698000,
      token_amount: 3363348.414521,
      amount: 1.741273544,
      usdBalance: 241.10025175916073,
      sp: 1
    },
    {
      timestamp: 1723694460,
      token_amount: 14293272.364423,
      amount: 9.9,
      usdBalance: 1370.7739950683426,
      sp: -1
    }
  ],
  aDOG: [
    {
      timestamp: 1723698000,
      token_amount: 4507926.779301,
      amount: 2.254242505,
      usdBalance: 312.126970144618,
      sp: 1
    }
  ],
  TradWife: [
    {
      timestamp: 1723695720,
      token_amount: 4196025.203524,
      amount: 4.95,
      usdBalance: 685.3869975341713,
      sp: -1
    }
  ],
  DICKY: [
    {
      timestamp: 1723694520,
      token_amount: 8298237.169562,
      amount: 3.512214429,
      usdBalance: 486.308303472425,
      sp: 1
    }
  ],
  pip: [
    {
      timestamp: 1723687800,
      token_amount: 12095682.58443,
      amount: 4.95,
      usdBalance: 685.3869975341713,
      sp: -1
    }
  ],
  Fluffi: [
    {
      timestamp: 1723679640,
      token_amount: 4292276.788458,
      amount: 9.9,
      usdBalance: 1370.7739950683426,
      sp: -1
    },
    {
      timestamp: 1723679520,
      token_amount: 4766670.284597,
      amount: 9.9,
      usdBalance: 1370.7739950683426,
      sp: -1
    }
  ],
  DEMURE: [
    {
      timestamp: 1723679640,
      token_amount: 3768902.427732,
      amount: 7.991072579,
      usdBalance: 1106.4600488885771,
      sp: 1
    }
  ],
  paul: [
    {
      timestamp: 1723678320,
      token_amount: 7994430.163895,
      amount: 27.973518897,
      usdBalance: 3873.2699247030773,
      sp: 1
    }
  ],
  NEIROFAM: [
    {
      timestamp: 1723671960,
      token_amount: 6381348.75666555,
      amount: 4.95,
      usdBalance: 685.3869975341713,
      sp: -1
    }
  ],
  HIGH: [
    {
      timestamp: 1723670520,
      token_amount: 7785863.007666,
      amount: 9.9,
      usdBalance: 1370.7739950683426,
      sp: -1
    }
  ],
  MPOX: [
    {
      timestamp: 1723669860,
      token_amount: 2834536.617763,
      amount: 9.9,
      usdBalance: 1370.7739950683426,
      sp: -1
    }
  ],
  SHAK: [
    {
      timestamp: 1723639260,
      token_amount: 1304402.61263,
      amount: 4.010548046,
      usdBalance: 555.3085825685813,
      sp: 1
    },
    {
      timestamp: 1723631220,
      token_amount: 3043606.096134,
      amount: 11.598656992,
      usdBalance: 1605.9734729647682,
      sp: 1
    },
    {
      timestamp: 1723620720,
      token_amount: 2630723.072035,
      amount: 9.9,
      usdBalance: 1370.7739950683426,
      sp: -1
    },
    {
      timestamp: 1723620600,
      token_amount: 1410868.503558,
      amount: 4.95,
      usdBalance: 685.3869975341713,
      sp: -1
    },
    {
      timestamp: 1723620240,
      token_amount: 4654425.841935,
      amount: 4.95,
      usdBalance: 685.3869975341713,
      sp: -1
    },
    {
      timestamp: 1723620180,
      token_amount: 8422483.244562,
      amount: 16.317502253,
      usdBalance: 2259.354318472878,
      sp: 1
    }
  ],
  jaky: [
    {
      timestamp: 1723618140,
      token_amount: 1058647.306935,
      amount: 16.333731707,
      usdBalance: 2261.6014814524087,
      sp: 1
    },
    {
      timestamp: 1723616340,
      token_amount: 1058647.306935,
      amount: 9.9,
      usdBalance: 1370.7739950683426,
      sp: -1
    }
  ],
  McPaws: [
    {
      timestamp: 1723617120,
      token_amount: 22385389.118286,
      amount: 5.126597795,
      usdBalance: 709.8390849051218,
      sp: 1
    }
  ],
  pbf: [
    {
      timestamp: 1723616220,
      token_amount: 4705935.823083,
      amount: 5.241386019,
      usdBalance: 725.7328942383824,
      sp: 1
    }
  ],
  CRUSHER: [
    {
      timestamp: 1723600980,
      token_amount: 11584628.527998,
      amount: 11.384115402,
      usdBalance: 1576.267611102888,
      sp: 1
    },
    {
      timestamp: 1723600860,
      token_amount: 11584628.527998,
      amount: 9.9,
      usdBalance: 1370.7739950683426,
      sp: -1
    }
  ],
  '1%': [
    {
      timestamp: 1723598880,
      token_amount: 13607347.760451,
      amount: 10.873211356,
      usdBalance: 1505.5268050188477,
      sp: 1
    }
  ],
  FDOGE: [
    {
      timestamp: 1723594740,
      token_amount: 1497222.438507,
      amount: 24.75,
      usdBalance: 3426.934987670856,
      sp: -1
    }
  ],
  demure: [
    {
      timestamp: 1723592280,
      token_amount: 8455570.367184,
      amount: 2.540291622,
      usdBalance: 351.73390861894745,
      sp: 1
    },
    {
      timestamp: 1723592280,
      token_amount: 22330461.337091,
      amount: 13.594651315,
      usdBalance: 1882.3428782448127,
      sp: 1
    },
    {
      timestamp: 1723592160,
      token_amount: 22330461.337091,
      amount: 19.8,
      usdBalance: 2741.5479901366853,
      sp: -1
    },
    {
      timestamp: 1723590120,
      token_amount: 8455570.367184,
      amount: 19.8,
      usdBalance: 2741.5479901366853,
      sp: -1
    }
  ],
  PGUN: [
    {
      timestamp: 1723587900,
      token_amount: 4513056.772793,
      amount: 14.991829609,
      usdBalance: 2075.799006718464,
      sp: 1
    },
    {
      timestamp: 1723587840,
      token_amount: 4513056.772793,
      amount: 9.9,
      usdBalance: 1370.7739950683426,
      sp: -1
    }
  ],
  FALAFEL: [
    {
      timestamp: 1723585860,
      token_amount: 72766914.155056,
      amount: 6.745014836,
      usdBalance: 933.9283771251477,
      sp: 1
    }
  ],
  Ninja: [
    {
      timestamp: 1723585620,
      token_amount: 656512.437265,
      amount: 21.975038917,
      usdBalance: 3042.7082715190295,
      sp: 1
    },
    {
      timestamp: 1723585560,
      token_amount: 656512.437265,
      amount: 19.8,
      usdBalance: 2741.5479901366853,
      sp: -1
    }
  ],
  TOMPEPE: [
    {
      timestamp: 1723552740,
      token_amount: 2877506.011277,
      amount: 1.98,
      usdBalance: 274.1547990136685,
      sp: -1
    },
    {
      timestamp: 1723552740,
      token_amount: 12176935.733088,
      amount: 9.9,
      usdBalance: 1370.7739950683426,
      sp: -1
    }
  ],
  PAM: [
    {
      timestamp: 1723543260,
      token_amount: 51774,
      amount: 0.027688848,
      usdBalance: 3.833853817353544,
      sp: 1
    }
  ],
  slurf: [
    {
      timestamp: 1723540560,
      token_amount: 19765852.151744,
      amount: 3.658445151,
      usdBalance: 506.55570458330055,
      sp: 1
    }
  ],
  Toby: [
    {
      timestamp: 1723522380,
      token_amount: 3564993.068147,
      amount: 9.9,
      usdBalance: 1370.7739950683426,
      sp: -1
    }
  ],
  Elonfish: [
    {
      timestamp: 1723517580,
      token_amount: 132677847.230697,
      amount: 5.389572208,
      usdBalance: 746.2510532595422,
      sp: 1
    }
  ],
  MOONSHOT: [
    {
      timestamp: 1723517340,
      token_amount: 58559584.40593313,
      amount: 20.162049612,
      usdBalance: 2791.6781106472085,
      sp: 1
    },
    {
      timestamp: 1723517340,
      token_amount: 58559584.40593313,
      amount: 9.9,
      usdBalance: 1370.7739950683426,
      sp: -1
    }
  ],
  MCGA: [
    {
      timestamp: 1723512840,
      token_amount: 6251135.720903,
      amount: 2.53754025,
      usdBalance: 351.3529480948708,
      sp: 1
    },
    {
      timestamp: 1723508820,
      token_amount: 6251135.720902,
      amount: 16.658237259,
      usdBalance: 2306.533175587449,
      sp: 1
    },
    {
      timestamp: 1723508400,
      token_amount: 4167423.813934,
      amount: 13.630959828,
      usdBalance: 1887.370228287237,
      sp: 1
    },
    {
      timestamp: 1723507500,
      token_amount: 16669695.255739,
      amount: 9.9,
      usdBalance: 1370.7739950683426,
      sp: -1
    }
  ],
  Yeah: [
    {
      timestamp: 1723512840,
      token_amount: 3983386.742138,
      amount: 15.521846203,
      usdBalance: 2149.186174800272,
      sp: 1
    },
    {
      timestamp: 1723511580,
      token_amount: 3983386.742138,
      amount: 29.7,
      usdBalance: 4112.321985205028,
      sp: -1
    },
    {
      timestamp: 1723511040,
      token_amount: 7569764.800374,
      amount: 28.635135461,
      usdBalance: 3964.878690424054,
      sp: 1
    },
    {
      timestamp: 1723510680,
      token_amount: 7569764.800374,
      amount: 19.8,
      usdBalance: 2741.5479901366853,
      sp: -1
    }
  ],
  SURE: [
    {
      timestamp: 1723512240,
      token_amount: 9501487.118647,
      amount: 3.917256391,
      usdBalance: 542.3912315957643,
      sp: 1
    },
    {
      timestamp: 1723511880,
      token_amount: 9501487.118647,
      amount: 9.9,
      usdBalance: 1370.7739950683426,
      sp: -1
    }
  ],
  ISWT: [
    {
      timestamp: 1723507080,
      token_amount: 10954132.850307,
      amount: 9.9,
      usdBalance: 1370.7739950683426,
      sp: -1
    }
  ],
  APPIE: [
    {
      timestamp: 1723504320,
      token_amount: 6738590.342326,
      amount: 13.755058495,
      usdBalance: 1904.5531803626154,
      sp: 1
    },
    {
      timestamp: 1723501440,
      token_amount: 6738590.342326,
      amount: 9.9,
      usdBalance: 1370.7739950683426,
      sp: -1
    },
    {
      timestamp: 1723501140,
      token_amount: 7093277.279731,
      amount: 6.14291152,
      usdBalance: 850.5599359213884,
      sp: 1
    },
    {
      timestamp: 1723501080,
      token_amount: 7093277.279731,
      amount: 4.95,
      usdBalance: 685.3869975341713,
      sp: -1
    }
  ],
  MC: [
    {
      timestamp: 1723498920,
      token_amount: 144351225.151551,
      amount: 4.95,
      usdBalance: 685.3869975341713,
      sp: -1
    }
  ],
  DAVE: [
    {
      timestamp: 1723497780,
      token_amount: 4597881.534947,
      amount: 4.430380305,
      usdBalance: 613.4394050865608,
      sp: 1
    },
    {
      timestamp: 1723496520,
      token_amount: 4597881.534947,
      amount: 9.9,
      usdBalance: 1370.7739950683426,
      sp: -1
    }
  ],
  SCF: [
    {
      timestamp: 1723496340,
      token_amount: 222052.667356,
      amount: 63.36,
      usdBalance: 8772.953568437391,
      sp: -1
    }
  ],
  chimi: [
    {
      timestamp: 1723493880,
      token_amount: 7818764.503466,
      amount: 4.95,
      usdBalance: 685.3869975341713,
      sp: -1
    }
  ],
  '‎': [
    {
      timestamp: 1723432740,
      token_amount: 9941983.890378,
      amount: 1.659020424,
      usdBalance: 229.7113186370157,
      sp: 1
    },
    {
      timestamp: 1723358940,
      token_amount: 5498842.861561,
      amount: 14.85,
      usdBalance: 2056.160992602514,
      sp: -1
    },
    {
      timestamp: 1723345020,
      token_amount: 4443141.028817,
      amount: 29.7,
      usdBalance: 4112.321985205028,
      sp: -1
    },
    {
      timestamp: 1723336020,
      token_amount: 5923271.745771,
      amount: 3.608961952,
      usdBalance: 499.7041609083519,
      sp: 1
    },
    {
      timestamp: 1723334940,
      token_amount: 5923271.745771,
      amount: 9.9,
      usdBalance: 1370.7739950683426,
      sp: -1
    }
  ],
  P1SS: [
    {
      timestamp: 1723432740,
      token_amount: 4006885.052029,
      amount: 1.485819974,
      usdBalance: 205.72963451639603,
      sp: 1
    }
  ],
  GROK2: [
    {
      timestamp: 1723432560,
      token_amount: 2804329.906622141,
      amount: 20.685826981,
      usdBalance: 2864.20138303413,
      sp: 1
    },
    {
      timestamp: 1723426140,
      token_amount: 3739106.542162855,
      amount: 19.8,
      usdBalance: 2741.5479901366853,
      sp: -1
    }
  ],
  WIENER: [
    {
      timestamp: 1723423680,
      token_amount: 3061969.142315,
      amount: 4.873925328,
      usdBalance: 674.8535448007416,
      sp: 1
    },
    {
      timestamp: 1723423320,
      token_amount: 3061969.142315,
      amount: 9.9,
      usdBalance: 1370.7739950683426,
      sp: -1
    },
    {
      timestamp: 1723422780,
      token_amount: 1999585.996733,
      amount: 7.224606626,
      usdBalance: 1000.3336250019433,
      sp: 1
    }
  ],
  FRINKCOIN: [
    {
      timestamp: 1723352340,
      token_amount: 4939473.960308,
      amount: 23.280708613,
      usdBalance: 3223.4939346933315,
      sp: 1
    },
    {
      timestamp: 1723351800,
      token_amount: 4939473.960308,
      amount: 19.8,
      usdBalance: 2741.5479901366853,
      sp: -1
    }
  ],
  '$JJ': [
    {
      timestamp: 1723345980,
      token_amount: 14323178.685262,
      amount: 9.9,
      usdBalance: 1370.7739950683426,
      sp: -1
    }
  ],
  BTW: [
    {
      timestamp: 1723337760,
      token_amount: 482709.776173,
      amount: 52.47,
      usdBalance: 7265.102173862215,
      sp: -1
    },
    {
      timestamp: 1723332300,
      token_amount: 424496.924602,
      amount: 49.5,
      usdBalance: 6853.869975341712,
      sp: -1
    },
    {
      timestamp: 1723332300,
      token_amount: 412566.150598,
      amount: 49.5,
      usdBalance: 6853.869975341712,
      sp: -1
    },
    {
      timestamp: 1723237380,
      token_amount: 866802.132275,
      amount: 68.040785279,
      usdBalance: 9421.06455196789,
      sp: 1
    },
    {
      timestamp: 1723236780,
      token_amount: 385245.392122,
      amount: 31.288456691,
      usdBalance: 4332.262906853019,
      sp: 1
    }
  ],
  POCAT: [
    {
      timestamp: 1723337700,
      token_amount: 4900,
      amount: 0.013414956,
      usdBalance: 1.8574619019985892,
      sp: 1
    }
  ],
  SHIBZ: [
    {
      timestamp: 1723337400,
      token_amount: 1548449.809774,
      amount: 0.034627411,
      usdBalance: 4.794581264176108,
      sp: 1
    }
  ],
  Nuggies: [
    {
      timestamp: 1723337340,
      token_amount: 50000,
      amount: 0.077294871,
      usdBalance: 10.70240395141032,
      sp: 1
    }
  ],
  HERO: [
    {
      timestamp: 1723329120,
      token_amount: 767444.773425266,
      amount: 22.582869954,
      usdBalance: 3126.869784540749,
      sp: 1
    }
  ],
  fish: [
    {
      timestamp: 1723327860,
      token_amount: 14501706.181451,
      amount: 9.9,
      usdBalance: 1370.7739950683426,
      sp: -1
    }
  ],
  BRONY: [
    {
      timestamp: 1723326240,
      token_amount: 4686047.663308,
      amount: 7.479648048,
      usdBalance: 1035.647175400211,
      sp: 1
    },
    {
      timestamp: 1723324200,
      token_amount: 3173734.556288,
      amount: 9.9,
      usdBalance: 1370.7739950683426,
      sp: -1
    },
    {
      timestamp: 1723322640,
      token_amount: 3619635.638949,
      amount: 9.9,
      usdBalance: 1370.7739950683426,
      sp: -1
    },
    {
      timestamp: 1723319940,
      token_amount: 3822269.186515,
      amount: 9.9,
      usdBalance: 1370.7739950683426,
      sp: -1
    }
  ],
  ZOWIE: [
    {
      timestamp: 1723322940,
      token_amount: 6101775.315671,
      amount: 12.765489512,
      usdBalance: 1767.5354603401279,
      sp: 1
    },
    {
      timestamp: 1723322940,
      token_amount: 6101775.315671,
      amount: 9.9,
      usdBalance: 1370.7739950683426,
      sp: -1
    }
  ],
  meme: [
    {
      timestamp: 1723319880,
      token_amount: 4240400.427682,
      amount: 42.946574084,
      usdBalance: 5946.469387032648,
      sp: 1
    },
    {
      timestamp: 1723261680,
      token_amount: 3387927.899377,
      amount: 4.553685426,
      usdBalance: 630.5124811800513,
      sp: 1
    },
    {
      timestamp: 1723261260,
      token_amount: 7187875.985958,
      amount: 9.9,
      usdBalance: 1370.7739950683426,
      sp: -1
    }
  ],
  deCAT: [
    {
      timestamp: 1723319280,
      token_amount: 4031399.843261,
      amount: 7.489899003,
      usdBalance: 1037.0665433334045,
      sp: 1
    },
    {
      timestamp: 1723316580,
      token_amount: 4031399.843261,
      amount: 19.8,
      usdBalance: 2741.5479901366853,
      sp: -1
    },
    {
      timestamp: 1723315920,
      token_amount: 3339667.452624,
      amount: 20.996474619,
      usdBalance: 2907.214282407847,
      sp: 1
    },
    {
      timestamp: 1723315800,
      token_amount: 3339667.452624,
      amount: 19.8,
      usdBalance: 2741.5479901366853,
      sp: -1
    }
  ],
  TRUST: [
    {
      timestamp: 1723318740,
      token_amount: 4746630.75025,
      amount: 16.286537148,
      usdBalance: 2255.0668274942354,
      sp: 1
    },
    {
      timestamp: 1723316880,
      token_amount: 3136818.655979,
      amount: 19.8,
      usdBalance: 2741.5479901366853,
      sp: -1
    }
  ],
  WIDE: [
    {
      timestamp: 1723315980,
      token_amount: 15973731.824518,
      amount: 9.9,
      usdBalance: 1370.7739950683426,
      sp: -1
    }
  ],
  DeApe: [
    {
      timestamp: 1723315020,
      token_amount: 74822100.073556,
      amount: 5.57714857,
      usdBalance: 772.2232551907671,
      sp: 1
    },
    {
      timestamp: 1723315020,
      token_amount: 74822100.073556,
      amount: 4.95,
      usdBalance: 685.3869975341713,
      sp: -1
    }
  ],
  '41PH4': [
    {
      timestamp: 1723315020,
      token_amount: 40992006.826856,
      amount: 4.95,
      usdBalance: 685.3869975341713,
      sp: -1
    }
  ],
  '↺': [
    {
      timestamp: 1723314960,
      token_amount: 65942760.959715,
      amount: 5.570684504,
      usdBalance: 771.3282275569079,
      sp: 1
    }
  ],
  Graham: [
    {
      timestamp: 1723279320,
      token_amount: 122843779.13964,
      amount: 8.470475268,
      usdBalance: 1172.8391134589847,
      sp: 1
    }
  ],
  hmm: [
    {
      timestamp: 1723278420,
      token_amount: 51169862.682129,
      amount: 4.517172285,
      usdBalance: 625.4567979314589,
      sp: 1
    }
  ],
  thomas: [
    {
      timestamp: 1723278300,
      token_amount: 48724562.731586,
      amount: 5.087734119,
      usdBalance: 704.4579418330449,
      sp: 1
    },
    {
      timestamp: 1723278240,
      token_amount: 48724562.731586,
      amount: 4.95,
      usdBalance: 685.3869975341713,
      sp: -1
    }
  ],
  LAIN: [
    {
      timestamp: 1723278120,
      token_amount: 42822360.778832,
      amount: 5.154095266,
      usdBalance: 713.6464402765304,
      sp: 1
    }
  ],
  ronk: [
    {
      timestamp: 1723278060,
      token_amount: 149041513.408141,
      amount: 4.95,
      usdBalance: 685.3869975341713,
      sp: -1
    }
  ],
  AHHHHH: [
    {
      timestamp: 1723277940,
      token_amount: 85268798.074812,
      amount: 5.21347003,
      usdBalance: 721.8675900194113,
      sp: 1
    },
    {
      timestamp: 1723277940,
      token_amount: 85268798.074812,
      amount: 4.95,
      usdBalance: 685.3869975341713,
      sp: -1
    }
  ],
  ANDY: [
    {
      timestamp: 1723269660,
      token_amount: 789864.523558571,
      amount: 40.695540082,
      usdBalance: 5634.786672693637,
      sp: 1
    },
    {
      timestamp: 1723237620,
      token_amount: 396103.843107684,
      amount: 29.7,
      usdBalance: 4112.321985205028,
      sp: -1
    },
    {
      timestamp: 1723233960,
      token_amount: 461756.706106631,
      amount: 29.7,
      usdBalance: 4112.321985205028,
      sp: -1
    }
  ],
  RAPTOR: [
    {
      timestamp: 1723266420,
      token_amount: 4964314.783738,
      amount: 19.8,
      usdBalance: 2741.5479901366853,
      sp: -1
    }
  ],
  PEEPEE: [
    {
      timestamp: 1723264620,
      token_amount: 116763693.341384,
      amount: 5.099364162,
      usdBalance: 706.0682610760676,
      sp: 1
    },
    {
      timestamp: 1723261560,
      token_amount: 88533136.421968,
      amount: 6.654752453,
      usdBalance: 921.4304652716831,
      sp: 1
    }
  ],
  DING: [
    {
      timestamp: 1723261800,
      token_amount: 10307990.888349,
      amount: 19.8,
      usdBalance: 2741.5479901366853,
      sp: -1
    },
    {
      timestamp: 1723254780,
      token_amount: 6186360.287805,
      amount: 9.9,
      usdBalance: 1370.7739950683426,
      sp: -1
    }
  ],
  ROKI: [
    {
      timestamp: 1723261680,
      token_amount: 137384563.824949,
      amount: 5.164059537,
      usdBalance: 715.0261133640672,
      sp: 1
    }
  ],
  George: [
    {
      timestamp: 1723261620,
      token_amount: 208196064.115571,
      amount: 5.163345452,
      usdBalance: 714.9272397127269,
      sp: 1
    }
  ],
  FREDDY: [
    {
      timestamp: 1723261500,
      token_amount: 198292991.84255,
      amount: 5.280146254,
      usdBalance: 731.0997146606791,
      sp: 1
    },
    {
      timestamp: 1723261500,
      token_amount: 198292991.84255,
      amount: 4.95,
      usdBalance: 685.3869975341713,
      sp: -1
    }
  ],
  FKH: [
    {
      timestamp: 1723244820,
      token_amount: 6739591.17062,
      amount: 19.8,
      usdBalance: 2741.5479901366853,
      sp: -1
    }
  ],
  TORI: [
    {
      timestamp: 1723242420,
      token_amount: 192873770.47257,
      amount: 4.95,
      usdBalance: 685.3869975341713,
      sp: -1
    }
  ],
  NINJA: [
    {
      timestamp: 1723240440,
      token_amount: 2042819.817901,
      amount: 19.8,
      usdBalance: 2741.5479901366853,
      sp: -1
    }
  ],
  SNUGGY: [
    {
      timestamp: 1723235220,
      token_amount: 25857896.360324,
      amount: 10.497812748,
      usdBalance: 1453.548355561145,
      sp: 1
    },
    {
      timestamp: 1723235220,
      token_amount: 25857896.360324,
      amount: 9.9,
      usdBalance: 1370.7739950683426,
      sp: -1
    }
  ],
  frawg: [
    {
      timestamp: 1723234140,
      token_amount: 1012847.127122,
      amount: 0.99,
      usdBalance: 137.07739950683424,
      sp: -1
    }
  ],
  lary: [
    {
      timestamp: 1723231740,
      token_amount: 13415946.780392,
      amount: 1.432003152,
      usdBalance: 198.27804864823221,
      sp: 1
    }
  ],
  PORK: [
    {
      timestamp: 1723231560,
      token_amount: 59461365.147701,
      amount: 6.223376431,
      usdBalance: 861.7012700137408,
      sp: 1
    },
    {
      timestamp: 1723231500,
      token_amount: 59461365.147701,
      amount: 4.95,
      usdBalance: 685.3869975341713,
      sp: -1
    }
  ],
  Jajak: [
    {
      timestamp: 1723229520,
      token_amount: 1290616.593322,
      amount: 14.863298427,
      usdBalance: 2058.0023196638185,
      sp: 1
    }
  ],
  Meka: [
    {
      timestamp: 1723198320,
      token_amount: 50002601.531233,
      amount: 2.241597795,
      usdBalance: 310.37615805944824,
      sp: 1
    }
  ],
  Cog: [
    {
      timestamp: 1723194420,
      token_amount: 3276748.119501,
      amount: 11.195580871,
      usdBalance: 1550.1627391567056,
      sp: 1
    },
    {
      timestamp: 1723190880,
      token_amount: 8625957.821451,
      amount: 10.631911462,
      usdBalance: 1472.115934341277,
      sp: 1
    },
    {
      timestamp: 1723190880,
      token_amount: 8625957.821451,
      amount: 9.9,
      usdBalance: 1370.7739950683426,
      sp: -1
    }
  ],
  OG: [
    {
      timestamp: 1723183860,
      token_amount: 18213323.293259,
      amount: 2.67777437,
      usdBalance: 370.77004758146603,
      sp: 1
    }
  ],
  Maka: [
    {
      timestamp: 1723177380,
      token_amount: 4907689.684867,
      amount: 9.9,
      usdBalance: 1370.7739950683426,
      sp: -1
    }
  ],
  MOOSE: [
    {
      timestamp: 1723177260,
      token_amount: 86022482.259621,
      amount: 2.202922006,
      usdBalance: 305.0210302008674,
      sp: 1
    },
    {
      timestamp: 1723177260,
      token_amount: 86022482.259621,
      amount: 1.98,
      usdBalance: 274.1547990136685,
      sp: -1
    }
  ],
  FJ: [
    {
      timestamp: 1723176000,
      token_amount: 17230390.511386,
      amount: 2.181962778,
      usdBalance: 302.1189731605534,
      sp: 1
    },
    {
      timestamp: 1723176000,
      token_amount: 17230390.511386,
      amount: 1.98,
      usdBalance: 274.1547990136685,
      sp: -1
    }
  ],
  Hachi: [
    {
      timestamp: 1723175160,
      token_amount: 59750839.40238,
      amount: 9.9,
      usdBalance: 1370.7739950683426,
      sp: -1
    }
  ],
  glootie: [
    {
      timestamp: 1723174140,
      token_amount: 57236897.061805,
      amount: 2.411005592,
      usdBalance: 333.8327037856519,
      sp: 1
    },
    {
      timestamp: 1723174080,
      token_amount: 57236897.061805,
      amount: 1.98,
      usdBalance: 274.1547990136685,
      sp: -1
    }
  ],
  DCS: [
    {
      timestamp: 1723173180,
      token_amount: 90126063.798916,
      amount: 2.084960051,
      usdBalance: 288.68777966335,
      sp: 1
    },
    {
      timestamp: 1723173120,
      token_amount: 90126063.798916,
      amount: 1.98,
      usdBalance: 274.1547990136685,
      sp: -1
    }
  ],
  BRB: [
    {
      timestamp: 1723173060,
      token_amount: 5887928.895171,
      amount: 1.98,
      usdBalance: 274.1547990136685,
      sp: -1
    }
  ],
  bro: [
    {
      timestamp: 1723172940,
      token_amount: 62306324.900718,
      amount: 1.98,
      usdBalance: 274.1547990136685,
      sp: -1
    }
  ],
  coot: [
    {
      timestamp: 1723171140,
      token_amount: 52056438.613254,
      amount: 1.98,
      usdBalance: 274.1547990136685,
      sp: -1
    }
  ],
  LIBERTY: [
    {
      timestamp: 1723164720,
      token_amount: 80225656.40029466,
      amount: 11.039529129,
      usdBalance: 1528.5554997810777,
      sp: 1
    },
    {
      timestamp: 1723164660,
      token_amount: 80225656.40029466,
      amount: 9.9,
      usdBalance: 1370.7739950683426,
      sp: -1
    }
  ],
  miy: [
    {
      timestamp: 1723164180,
      token_amount: 10320273.007756,
      amount: 7.988391866,
      usdBalance: 1106.0888719523507,
      sp: 1
    }
  ],
  COC: [
    {
      timestamp: 1723162800,
      token_amount: 143884663.899082,
      amount: 5.563134723,
      usdBalance: 770.282869631326,
      sp: 1
    }
  ],
  '$CSHORK': [
    {
      timestamp: 1723162500,
      token_amount: 18385244.965002,
      amount: 5.886730143,
      usdBalance: 815.088545051449,
      sp: 1
    },
    {
      timestamp: 1723162500,
      token_amount: 18385244.965002,
      amount: 4.95,
      usdBalance: 685.3869975341713,
      sp: -1
    }
  ],
  goril: [
    {
      timestamp: 1723160040,
      token_amount: 77959537.13465,
      amount: 5.190322663,
      usdBalance: 718.6625588337645,
      sp: 1
    },
    {
      timestamp: 1723160040,
      token_amount: 77959537.13465,
      amount: 4.95,
      usdBalance: 685.3869975341713,
      sp: -1
    }
  ],
  SNOOZY: [
    {
      timestamp: 1723149300,
      token_amount: 138294934.883621,
      amount: 5.69969743,
      usdBalance: 789.1916178587742,
      sp: 1
    },
    {
      timestamp: 1723149300,
      token_amount: 138294934.883621,
      amount: 4.95,
      usdBalance: 685.3869975341713,
      sp: -1
    }
  ],
  Spurdo: [
    {
      timestamp: 1723149180,
      token_amount: 7584733.621778,
      amount: 11.58583008,
      usdBalance: 1604.1974328226843,
      sp: 1
    },
    {
      timestamp: 1723149120,
      token_amount: 7584733.621778,
      amount: 9.9,
      usdBalance: 1370.7739950683426,
      sp: -1
    }
  ],
  RTRCTO: [
    {
      timestamp: 1723140240,
      token_amount: 105487806.955777,
      amount: 9.020511881,
      usdBalance: 1248.9982938060423,
      sp: 1
    },
    {
      timestamp: 1723140180,
      token_amount: 105487806.955777,
      amount: 9.9,
      usdBalance: 1370.7739950683426,
      sp: -1
    }
  ],
  NYSE: [
    {
      timestamp: 1723138920,
      token_amount: 2979822.120033,
      amount: 15.511282495,
      usdBalance: 2147.72350245503,
      sp: 1
    }
  ]
}
{
  '$ZOLOFT': -1587.745018686383,
  '$MUD': -188.32906736159197,
  COOK: 69.98470196379674,
  SADFROG: 135.5206559269434,
  BigT: 288.9726845151115,
  REYGUN: -1370.7739950683426,
  Ian: -685.3869975341713,
  GRACIE: -1370.7739950683426,
  SMILEY: -685.3869975341713,
  DEFIANT: -1370.7739950683426,
  coge: -685.3869975341713,
  alpha: -1370.7739950683426,
  CLOUD: -685.3869975341713,
  RYU: 22.865219301742858,
  Happy: 138.45604515889966,
  TARO: 219.46443257650796,
  ACO: 1661.3865284268707,
  '?': -98.32266441208681,
  CONQUER: -648.4618226114209,
  COLON: -81.45643263281423,
  aDOG: 312.126970144618,
  TradWife: -685.3869975341713,
  DICKY: 486.308303472425,
  pip: -685.3869975341713,
  Fluffi: -2741.5479901366853,
  DEMURE: 1106.4600488885771,
  paul: 3873.2699247030773,
  NEIROFAM: -685.3869975341713,
  HIGH: -1370.7739950683426,
  MPOX: -1370.7739950683426,
  SHAK: 450.8430855880771,
  jaky: 890.8274863840661,
  McPaws: 709.8390849051218,
  pbf: 725.7328942383824,
  CRUSHER: 205.4936160345453,
  '1%': 1505.5268050188477,
  FDOGE: -3426.934987670856,
  demure: -4952.462703944332,
  PGUN: 705.0250116501215,
  FALAFEL: 933.9283771251477,
  Ninja: 301.16028138234424,
  TOMPEPE: -1644.928794082011,
  PAM: 3.833853817353544,
  slurf: 506.55570458330055,
  Toby: -1370.7739950683426,
  Elonfish: 746.2510532595422,
  MOONSHOT: 1420.904115578866,
  MCGA: 2146.401860600074,
  Yeah: -739.8051101173869,
  SURE: -828.3827634725783,
  ISWT: -1370.7739950683426,
  APPIE: 698.9521236814899,
  MC: -685.3869975341713,
  DAVE: -757.3345899817818,
  SCF: -8772.953568437391,
  chimi: -685.3869975341713,
  '‎': -6809.841493330517,
  P1SS: 205.72963451639603,
  GROK2: 808.0403904316163,
  WIENER: -590.7560310376308,
  FRINKCOIN: 481.9459445566463,
  '$JJ': -1370.7739950683426,
  BTW: -12600.199865045199,
  POCAT: 1.8574619019985892,
  SHIBZ: 4.794581264176108,
  Nuggies: 10.70240395141032,
  HERO: 3126.869784540749,
  fish: -1370.7739950683426,
  BRONY: -662.2440191858678,
  ZOWIE: 396.76146527178526,
  meme: 4560.108320132446,
  deCAT: -1538.815154532119,
  TRUST: -486.4811626424498,
  WIDE: -1370.7739950683426,
  DeApe: 86.83625765659576,
  '41PH4': -685.3869975341713,
  '↺': 771.3282275569079,
  Graham: 1172.8391134589847,
  hmm: 625.4567979314589,
  thomas: 19.070944298873542,
  LAIN: 713.6464402765304,
  ronk: -685.3869975341713,
  AHHHHH: 36.48059248523998,
  ANDY: -1883.92738545686,
  RAPTOR: -2741.5479901366853,
  PEEPEE: 1627.4987263477508,
  DING: -4112.321985205028,
  ROKI: 715.0261133640672,
  George: 714.9272397127269,
  FREDDY: 45.712717126507755,
  FKH: -2741.5479901366853,
  TORI: -685.3869975341713,
  NINJA: -2741.5479901366853,
  SNUGGY: 82.77436049280232,
  frawg: -137.07739950683424,
  lary: 198.27804864823221,
  PORK: 176.31427247956947,
  Jajak: 2058.0023196638185,
  Meka: 310.37615805944824,
  Cog: 1651.5046784296399,
  OG: 370.77004758146603,
  Maka: -1370.7739950683426,
  MOOSE: 30.866231187198935,
  FJ: 27.964174146884943,
  Hachi: -1370.7739950683426,
  glootie: 59.677904771983435,
  DCS: 14.53298064968152,
  BRB: -274.1547990136685,
  bro: -274.1547990136685,
  coot: -274.1547990136685,
  LIBERTY: 157.7815047127351,
  miy: 1106.0888719523507,
  COC: 770.282869631326,
  '$CSHORK': 129.70154751727773,
  goril: 33.27556129959305,
  SNOOZY: 103.80462032460287,
  Spurdo: 233.42343775434165,
  RTRCTO: -121.77570126230034,
  NYSE: 2147.72350245503
}
Total Transaction: 199
Win Rate: 23.5% (28/119)
Total PnL: -44449.05$

Processing wallet (group 10): CiLYfEt42g9gf8UjRzjYsZe1W4uvhnSSFSpn4rQiK3UC
stdout: Processing wallet address: CiLYfEt42g9gf8UjRzjYsZe1W4uvhnSSFSpn4rQiK3UC
{
  boo: [
    {
      timestamp: 1723926300,
      token_amount: 391847.721291,
      amount: 0.839868207,
      usdBalance: 116.28984822629047,
      sp: 1
    }
  ],
  ReDog: [
    {
      timestamp: 1723764780,
      token_amount: 515430.009755,
      amount: 0.020876482,
      usdBalance: 2.8905998620315496,
      sp: 1
    },
    {
      timestamp: 1723324620,
      token_amount: 1030860.019509,
      amount: 0.5,
      usdBalance: 69.23100985193649,
      sp: -1
    }
  ],
  '144p': [
    {
      timestamp: 1723764720,
      token_amount: 206625.242195,
      amount: 0.096778835,
      usdBalance: 13.400192958687871,
      sp: 1
    }
  ],
  demure: [
    {
      timestamp: 1723589940,
      token_amount: 104697.254493,
      amount: 0.225,
      usdBalance: 31.15395443337142,
      sp: -1
    }
  ],
  '0.12%': [
    {
      timestamp: 1723341720,
      token_amount: 425267.132537,
      amount: 0.511805007,
      usdBalance: 70.86555496377484,
      sp: 1
    },
    {
      timestamp: 1723341720,
      token_amount: 425267.132536,
      amount: 0.480024297,
      usdBalance: 66.46513366955178,
      sp: 1
    },
    {
      timestamp: 1723341540,
      token_amount: 850534.265072,
      amount: 1.167454349,
      usdBalance: 161.6480870746102,
      sp: 1
    },
    {
      timestamp: 1723341120,
      token_amount: 315185.35876,
      amount: 0.25,
      usdBalance: 34.615504925968246,
      sp: -1
    },
    {
      timestamp: 1723340760,
      token_amount: 1385883.171385,
      amount: 2,
      usdBalance: 276.92403940774597,
      sp: -1
    },
    {
      timestamp: 1723340400,
      token_amount: 682382.209287,
      amount: 0.5,
      usdBalance: 69.23100985193649,
      sp: -1
    }
  ],
  '‎': [
    {
      timestamp: 1723340400,
      token_amount: 309114.788121,
      amount: 1.09018413,
      usdBalance: 150.94909648890962,
      sp: 1
    },
    {
      timestamp: 1723339740,
      token_amount: 309114.788121,
      amount: 1,
      usdBalance: 138.46201970387298,
      sp: -1
    },
    {
      timestamp: 1723336800,
      token_amount: 605268.973007,
      amount: 0.258340546,
      usdBalance: 35.77035377056131,
      sp: 1
    },
    {
      timestamp: 1723336140,
      token_amount: 605268.973007,
      amount: 0.225,
      usdBalance: 31.15395443337142,
      sp: -1
    }
  ],
  NMP: [
    {
      timestamp: 1723338540,
      token_amount: 987256.691994,
      amount: 0.661696461,
      usdBalance: 91.61982842096502,
      sp: 1
    },
    {
      timestamp: 1723338480,
      token_amount: 1348043.293297,
      amount: 0.5,
      usdBalance: 69.23100985193649,
      sp: -1
    },
    {
      timestamp: 1723338480,
      token_amount: 626470.090691,
      amount: 0.546743019,
      usdBalance: 75.703142669733,
      sp: 1
    }
  ],
  CHURCH: [
    {
      timestamp: 1723338060,
      token_amount: 1271636.325395,
      amount: 0.441409741,
      usdBalance: 61.118484255823475,
      sp: 1
    },
    {
      timestamp: 1723337460,
      token_amount: 310757.126405,
      amount: 0.1234,
      usdBalance: 17.086213231457926,
      sp: -1
    },
    {
      timestamp: 1723337400,
      token_amount: 498925.312354,
      amount: 0.225,
      usdBalance: 31.15395443337142,
      sp: -1
    },
    {
      timestamp: 1723337400,
      token_amount: 461953.886636,
      amount: 0.225,
      usdBalance: 31.15395443337142,
      sp: -1
    }
  ],
  hay: [
    {
      timestamp: 1723328400,
      token_amount: 2591440.870217,
      amount: 0.5,
      usdBalance: 69.23100985193649,
      sp: -1
    }
  ],
  BOBA: [
    {
      timestamp: 1723326840,
      token_amount: 811505.507499,
      amount: 0.354983617,
      usdBalance: 49.1517485716061,
      sp: 1
    }
  ],
  QCAT: [
    {
      timestamp: 1723325760,
      token_amount: 585639.072626,
      amount: 0.19231392,
      usdBalance: 26.628173780369053,
      sp: 1
    },
    {
      timestamp: 1723322700,
      token_amount: 585639.072626,
      amount: 0.5,
      usdBalance: 69.23100985193649,
      sp: -1
    }
  ],
  SC: [
    {
      timestamp: 1723323600,
      token_amount: 577104.102445,
      amount: 0.5,
      usdBalance: 69.23100985193649,
      sp: -1
    }
  ],
  blob: [
    {
      timestamp: 1723322340,
      token_amount: 561048.381049,
      amount: 0.5,
      usdBalance: 69.23100985193649,
      sp: -1
    }
  ],
  Kiwi: [
    {
      timestamp: 1723321860,
      token_amount: 1065383.03333,
      amount: 0.939556612,
      usdBalance: 130.09290612364813,
      sp: 1
    }
  ],
  ghost: [
    {
      timestamp: 1723320060,
      token_amount: 169548.954962,
      amount: 0.15,
      usdBalance: 20.769302955580947,
      sp: -1
    }
  ],
  hmm: [
    {
      timestamp: 1723319160,
      token_amount: 1139194.440019,
      amount: 0.03252155,
      usdBalance: 4.5029994969004905,
      sp: 1
    }
  ],
  LAIN: [
    {
      timestamp: 1723272360,
      token_amount: 320066.898407,
      amount: 0.15,
      usdBalance: 20.769302955580947,
      sp: -1
    }
  ],
  FFF: [
    {
      timestamp: 1723255320,
      token_amount: 362275.902723,
      amount: 0.173245966,
      usdBalance: 23.987986357908508,
      sp: 1
    },
    {
      timestamp: 1723254600,
      token_amount: 362275.902723,
      amount: 0.15,
      usdBalance: 20.769302955580947,
      sp: -1
    }
  ],
  HOOD: [
    {
      timestamp: 1723255020,
      token_amount: 856436.108388,
      amount: 0.094481765,
      usdBalance: 13.082136007086696,
      sp: 1
    },
    {
      timestamp: 1723253100,
      token_amount: 856436.108388,
      amount: 0.15,
      usdBalance: 20.769302955580947,
      sp: -1
    },
    {
      timestamp: 1723252320,
      token_amount: 1627377.283888,
      amount: 0.710570927,
      usdBalance: 98.3870856952733,
      sp: 1
    },
    {
      timestamp: 1723252200,
      token_amount: 1627377.283888,
      amount: 1,
      usdBalance: 138.46201970387298,
      sp: -1
    },
    {
      timestamp: 1723252200,
      token_amount: 1258119.553978,
      amount: 0.600610303,
      usdBalance: 83.16171560833511,
      sp: 1
    },
    {
      timestamp: 1723250520,
      token_amount: 1258119.553978,
      amount: 0.5,
      usdBalance: 69.23100985193649,
      sp: -1
    }
  ],
  ZOLOFT: [
    {
      timestamp: 1723250040,
      token_amount: 3159790.863538,
      amount: 0.330451957,
      usdBalance: 45.75504538131739,
      sp: 1
    }
  ],
  HAGGORD: [
    {
      timestamp: 1723221600,
      token_amount: 265.388921003,
      amount: 0.117510135,
      usdBalance: 16.270690627774773,
      sp: 1
    }
  ],
  RTR: [
    {
      timestamp: 1723140780,
      token_amount: 6165.130093,
      amount: 0.5,
      usdBalance: 69.23100985193649,
      sp: -1
    },
    {
      timestamp: 1723140780,
      token_amount: 6165.130093,
      amount: 0.5,
      usdBalance: 69.23100985193649,
      sp: -1
    }
  ],
  THOR: [
    {
      timestamp: 1723130760,
      token_amount: 2329055.260959,
      amount: 0.77506491,
      usdBalance: 107.31705284020055,
      sp: 1
    }
  ],
  L: [
    {
      timestamp: 1723130760,
      token_amount: 1313771.993049,
      amount: 0.02676407,
      usdBalance: 3.705807187695836,
      sp: 1
    }
  ],
  ARC: [
    {
      timestamp: 1723128180,
      token_amount: 1295803.188419,
      amount: 0.032518614,
      usdBalance: 4.50259297241064,
      sp: 1
    }
  ],
  '$Chifi': [
    {
      timestamp: 1723115400,
      token_amount: 1101119.872248,
      amount: 0.106257802,
      usdBalance: 14.712669874214233,
      sp: 1
    },
    {
      timestamp: 1723113600,
      token_amount: 1101119.872248,
      amount: 0.1234,
      usdBalance: 17.086213231457926,
      sp: -1
    }
  ],
  MEEMO: [
    {
      timestamp: 1723113840,
      token_amount: 160501.442525,
      amount: 0.104621498,
      usdBalance: 14.486103917524707,
      sp: 1
    }
  ]
}
{
  boo: 116.28984822629047,
  ReDog: -31.724905063970276,
  '144p': 13.400192958687871,
  demure: -31.153954433371418,
  '0.12%': -49.17018659808549,
  '‎': 17.10347612222651,
  NMP: 65.9185457140298,
  CHURCH: -18.275637842377282,
  hay: -69.23100985193649,
  BOBA: 49.1517485716061,
  QCAT: -42.60283607156744,
  SC: -69.23100985193649,
  blob: -69.23100985193649,
  Kiwi: 130.09290612364813,
  ghost: -20.769302955580947,
  hmm: 4.5029994969004905,
  LAIN: -20.769302955580947,
  FFF: 3.21868340232756,
  HOOD: -33.83139520069531,
  ZOLOFT: 45.75504538131739,
  HAGGORD: 16.270690627774773,
  RTR: -138.46201970387298,
  THOR: 107.31705284020055,
  L: 3.705807187695836,
  ARC: 4.50259297241064,
  '$Chifi': -2.373543357243692,
  MEEMO: 14.486103917524707
}
Total Transaction: 50
Win Rate: 3.7% (1/27)
Total PnL: -5.11$

Processing wallet (group 10): Bu9DvpTTjWWAy9AwvJFcKg1m2fewx2zpT4uQzZavb7ae
stdout: Processing wallet address: Bu9DvpTTjWWAy9AwvJFcKg1m2fewx2zpT4uQzZavb7ae
{
  DANGER: [
    {
      timestamp: 1723594440,
      token_amount: 303219.635908,
      amount: 0.035707298,
      usdBalance: 4.944104599248064,
      sp: 1
    },
    {
      timestamp: 1723594320,
      token_amount: 303219.635908,
      amount: 0.099,
      usdBalance: 13.707739950683425,
      sp: -1
    }
  ],
  MDGA: [
    {
      timestamp: 1723509900,
      token_amount: 314121.28688,
      amount: 0.116165704,
      usdBalance: 16.084537996162275,
      sp: 1
    },
    {
      timestamp: 1723509720,
      token_amount: 314121.28688,
      amount: 0.198,
      usdBalance: 27.41547990136685,
      sp: -1
    }
  ],
  FKH: [
    {
      timestamp: 1723402860,
      token_amount: 561800.729682,
      amount: 0.442969254,
      usdBalance: 61.334417575557914,
      sp: 1
    },
    {
      timestamp: 1723312080,
      token_amount: 479634.090258,
      amount: 1.98,
      usdBalance: 274.1547990136685,
      sp: -1
    }
  ],
  '5G': [
    {
      timestamp: 1723306140,
      token_amount: 2522616.767243,
      amount: 0.855402948,
      usdBalance: 118.44081984072704,
      sp: 1
    },
    {
      timestamp: 1723299660,
      token_amount: 2522616.767243,
      amount: 0.693,
      usdBalance: 95.95417965478397,
      sp: -1
    },
    {
      timestamp: 1723137360,
      token_amount: 993021.242171,
      amount: 1.192667097,
      usdBalance: 165.139095084975,
      sp: 1
    },
    {
      timestamp: 1723137240,
      token_amount: 993021.242171,
      amount: 0.99,
      usdBalance: 137.07739950683424,
      sp: -1
    }
  ],
  '-IQ': [
    {
      timestamp: 1723261980,
      token_amount: 2471800.114855,
      amount: 0.693,
      usdBalance: 95.95417965478397,
      sp: -1
    }
  ],
  BIBBLE: [
    {
      timestamp: 1723249380,
      token_amount: 954472911.575404,
      amount: 0.016259945,
      usdBalance: 2.2513848249738913,
      sp: 1
    },
    {
      timestamp: 1723221360,
      token_amount: 954472911.575404,
      amount: 0.0495,
      usdBalance: 6.853869975341713,
      sp: -1
    }
  ],
  KING: [
    {
      timestamp: 1723249320,
      token_amount: 2169061.140563,
      amount: 0.089354967,
      usdBalance: 12.37226920139292,
      sp: 1
    }
  ],
  bro: [
    {
      timestamp: 1723167660,
      token_amount: 1906176.521601,
      amount: 1.029786369,
      usdBalance: 142.58630051525782,
      sp: 1
    },
    {
      timestamp: 1723167660,
      token_amount: 1906176.521601,
      amount: 0.99,
      usdBalance: 137.07739950683424,
      sp: -1
    }
  ],
  turtle: [
    {
      timestamp: 1723167300,
      token_amount: 259883.323042,
      amount: 0.223988548,
      usdBalance: 31.013906746617902,
      sp: 1
    },
    {
      timestamp: 1723167300,
      token_amount: 259883.323042,
      amount: 0.198,
      usdBalance: 27.41547990136685,
      sp: -1
    }
  ],
  idog: [
    {
      timestamp: 1723167060,
      token_amount: 7387107.609686,
      amount: 0.372683676,
      usdBalance: 51.602534489623814,
      sp: 1
    },
    {
      timestamp: 1723166160,
      token_amount: 7387107.609686,
      amount: 0.693,
      usdBalance: 95.95417965478397,
      sp: -1
    },
    {
      timestamp: 1723166100,
      token_amount: 10081630.223775,
      amount: 0.698389858,
      usdBalance: 96.70047027938105,
      sp: 1
    }
  ],
  ROFL: [
    {
      timestamp: 1723163880,
      token_amount: 7045165.656756,
      amount: 1.29544395,
      usdBalance: 179.36978573016304,
      sp: 1
    },
    {
      timestamp: 1723163880,
      token_amount: 7045165.656756,
      amount: 0.99,
      usdBalance: 137.07739950683424,
      sp: -1
    }
  ],
  LORE: [
    {
      timestamp: 1723153560,
      token_amount: 1851436.520028,
      amount: 2.208214359,
      usdBalance: 305.75382008623325,
      sp: 1
    },
    {
      timestamp: 1723153440,
      token_amount: 1851436.520028,
      amount: 1.98,
      usdBalance: 274.1547990136685,
      sp: -1
    },
    {
      timestamp: 1723149960,
      token_amount: 2886795.276865,
      amount: 1.46090972,
      usdBalance: 202.28051043621957,
      sp: 1
    }
  ],
  WIZZLER: [
    {
      timestamp: 1723153140,
      token_amount: 7563675.106871,
      amount: 0.906950972,
      usdBalance: 125.57826335551074,
      sp: 1
    },
    {
      timestamp: 1723153080,
      token_amount: 4744885.862433,
      amount: 0.693,
      usdBalance: 95.95417965478397,
      sp: -1
    },
    {
      timestamp: 1723153080,
      token_amount: 2818789.244438,
      amount: 0.693,
      usdBalance: 95.95417965478397,
      sp: -1
    }
  ],
  SIR: [
    {
      timestamp: 1723151760,
      token_amount: 3194654.429408,
      amount: 1.192359935,
      usdBalance: 165.0965648140787,
      sp: 1
    },
    {
      timestamp: 1723151700,
      token_amount: 3194654.429408,
      amount: 0.99,
      usdBalance: 137.07739950683424,
      sp: -1
    }
  ],
  USDC: [
    {
      timestamp: 1723147260,
      token_amount: 83.342396,
      amount: 0.534084769,
      usdBalance: 73.95045580881646,
      sp: 1
    }
  ],
  SNOOZY: [
    {
      timestamp: 1723146360,
      token_amount: 3236207.412953,
      amount: 0.431607519,
      usdBalance: 59.761248800117734,
      sp: 1
    }
  ],
  FTR: [
    {
      timestamp: 1723141020,
      token_amount: 568700.459846,
      amount: 0.693,
      usdBalance: 95.95417965478397,
      sp: -1
    }
  ],
  RTR: [
    {
      timestamp: 1723140960,
      token_amount: 1313344.665104,
      amount: 0.984665184,
      usdBalance: 136.3387301087257,
      sp: 1
    },
    {
      timestamp: 1723140840,
      token_amount: 1313344.665104,
      amount: 1.485,
      usdBalance: 205.6160992602514,
      sp: -1
    },
    {
      timestamp: 1723140660,
      token_amount: 878506.465609,
      amount: 0.295286165,
      usdBalance: 40.885918796511085,
      sp: 1
    },
    {
      timestamp: 1723140360,
      token_amount: 878506.465609,
      amount: 1.206858581,
      usdBalance: 167.10407662221021,
      sp: 1
    }
  ],
  BUSTER: [
    {
      timestamp: 1723139520,
      token_amount: 4501188.029957,
      amount: 0.295529738,
      usdBalance: 40.91964440603642,
      sp: 1
    },
    {
      timestamp: 1723139460,
      token_amount: 4501188.029957,
      amount: 0.297,
      usdBalance: 41.123219852050276,
      sp: -1
    },
    {
      timestamp: 1723138800,
      token_amount: 3605917.475915,
      amount: 0.318014028,
      usdBalance: 44.03286461104401,
      sp: 1
    },
    {
      timestamp: 1723137540,
      token_amount: 3605917.475915,
      amount: 0.693,
      usdBalance: 95.95417965478397,
      sp: -1
    }
  ],
  NYSE: [
    {
      timestamp: 1723139040,
      token_amount: 73369.910969,
      amount: 0.134774532,
      usdBalance: 18.66115390536426,
      sp: 1
    },
    {
      timestamp: 1723138920,
      token_amount: 220109.732904,
      amount: 1.352809285,
      usdBalance: 187.3127058752523,
      sp: 1
    },
    {
      timestamp: 1723138800,
      token_amount: 293479.643873,
      amount: 0.99,
      usdBalance: 137.07739950683424,
      sp: -1
    }
  ]
}
{
  DANGER: -8.763635351435363,
  MDGA: -11.330941905204575,
  FKH: -212.82038143811056,
  '5G': 50.54833576408383,
  '-IQ': -95.95417965478397,
  BIBBLE: -4.602485150367821,
  KING: 12.37226920139292,
  bro: 5.508901008423578,
  turtle: 3.5984268452510513,
  idog: 52.348825114220894,
  ROFL: 42.292386223328805,
  LORE: 233.87953150878434,
  WIZZLER: -66.3300959540572,
  SIR: 28.019165307244464,
  USDC: 73.95045580881646,
  SNOOZY: 59.761248800117734,
  FTR: -95.95417965478397,
  RTR: 1.1744175753220247,
  BUSTER: -52.12489048975382,
  NYSE: -33.911589355993044
}
Total Transaction: 45
Win Rate: 20.0% (4/20)
Total PnL: -18.34$

Processing wallet (group 10): 8UAAmzk5otZjfkr7c7Zaj4NRoDMP3csFT2f5ZcCEmyJ8
stdout: Processing wallet address: 8UAAmzk5otZjfkr7c7Zaj4NRoDMP3csFT2f5ZcCEmyJ8
{}
{}
Total Transaction: 0
Win Rate: 0% (0/0)
Total PnL: 0.00$

Processing wallet (group 10): GbJpc5wKBeHL2dSH4i5yasPQA1Mz1pzWQ4j7yVR53sJ1
stdout: Processing wallet address: GbJpc5wKBeHL2dSH4i5yasPQA1Mz1pzWQ4j7yVR53sJ1
{}
{}
Total Transaction: 0
Win Rate: 0% (0/0)
Total PnL: 0.00$

Processing wallet (group 10): BS7h7QKBR73y2B1B5DznDBKQdz22agS7UcERPf4jvQuF
stdout: Processing wallet address: BS7h7QKBR73y2B1B5DznDBKQdz22agS7UcERPf4jvQuF
{}
{}
Total Transaction: 0
Win Rate: 0% (0/0)
Total PnL: 0.00$

Processing wallet (group 10): E4meW7Ww7uyTPNodUfFspay7m9opnfuh8vk9yc9zfr8o
stdout: Processing wallet address: E4meW7Ww7uyTPNodUfFspay7m9opnfuh8vk9yc9zfr8o
{}
{}
Total Transaction: 0
Win Rate: 0% (0/0)
Total PnL: 0.00$

Processing wallet (group 10): HE3PbTzTQVHsfXyvJa9SqhC6jbj5TrcsfV8LFjKnjEAM
stdout: Processing wallet address: HE3PbTzTQVHsfXyvJa9SqhC6jbj5TrcsfV8LFjKnjEAM
{}
{}
Total Transaction: 0
Win Rate: 0% (0/0)
Total PnL: 0.00$

Processing wallet (group 10): 6uPAQZXBty7JiNruEzyrYyNFDtckoE3nhCnmPxSE4FD7
stdout: Processing wallet address: 6uPAQZXBty7JiNruEzyrYyNFDtckoE3nhCnmPxSE4FD7
{
  '911': [
    {
      timestamp: 1723147200,
      token_amount: 27458700.550035767,
      amount: 1,
      usdBalance: 138.46201970387298,
      sp: -1
    }
  ],
  schizo: [
    {
      timestamp: 1723726980,
      token_amount: 590178.203288,
      amount: 1,
      usdBalance: 138.46201970387298,
      sp: -1
    },
    {
      timestamp: 1723631460,
      token_amount: 1443586.587389,
      amount: 3,
      usdBalance: 415.3860591116189,
      sp: -1
    },
    {
      timestamp: 1723473660,
      token_amount: 505096.934644,
      amount: 1,
      usdBalance: 138.46201970387298,
      sp: -1
    },
    {
      timestamp: 1723131240,
      token_amount: 1536967.143534,
      amount: 14.810540915,
      usdBalance: 2050.697407997747,
      sp: 1
    }
  ],
  ACO: [
    {
      timestamp: 1723707240,
      token_amount: 80614.685536,
      amount: 1,
      usdBalance: 138.46201970387298,
      sp: -1
    }
  ],
  PhantomCTO: [
    {
      timestamp: 1723706640,
      token_amount: 3104167.50628,
      amount: 0.5,
      usdBalance: 69.23100985193649,
      sp: -1
    }
  ],
  HELIA: [
    {
      timestamp: 1723462260,
      token_amount: 838183.95034,
      amount: 3,
      usdBalance: 415.3860591116189,
      sp: -1
    },
    {
      timestamp: 1723400880,
      token_amount: 919082.935288,
      amount: 3,
      usdBalance: 415.3860591116189,
      sp: -1
    }
  ],
  UNVAXSPERM: [
    {
      timestamp: 1723400940,
      token_amount: 947424.116698,
      amount: 2.976488647,
      usdBalance: 412.13062968926823,
      sp: 1
    },
    {
      timestamp: 1723145940,
      token_amount: 947424.116698,
      amount: 3,
      usdBalance: 415.3860591116189,
      sp: -1
    }
  ],
  bunk: [
    {
      timestamp: 1723271580,
      token_amount: 403976.25193,
      amount: 0.5,
      usdBalance: 69.23100985193649,
      sp: -1
    },
    {
      timestamp: 1723217640,
      token_amount: 402479.853742,
      amount: 0.5,
      usdBalance: 69.23100985193649,
      sp: -1
    },
    {
      timestamp: 1723202820,
      token_amount: 1694042.925313,
      amount: 2,
      usdBalance: 276.92403940774597,
      sp: -1
    },
    {
      timestamp: 1723141920,
      token_amount: 450337.855213,
      amount: 0.5,
      usdBalance: 69.23100985193649,
      sp: -1
    }
  ],
  '$BIAO': [
    {
      timestamp: 1723271520,
      token_amount: 5527471.033188,
      amount: 2.256404218,
      usdBalance: 312.4262852926181,
      sp: 1
    }
  ],
  HT: [
    {
      timestamp: 1723271460,
      token_amount: 2207013.040206,
      amount: 1,
      usdBalance: 138.46201970387298,
      sp: -1
    },
    {
      timestamp: 1723146480,
      token_amount: 5504638.760258,
      amount: 3,
      usdBalance: 415.3860591116189,
      sp: -1
    },
    {
      timestamp: 1723131960,
      token_amount: 2225857.091121,
      amount: 1,
      usdBalance: 138.46201970387298,
      sp: -1
    }
  ],
  SHRIGMA: [
    {
      timestamp: 1723220580,
      token_amount: 5800866.173,
      amount: 3,
      usdBalance: 415.3860591116189,
      sp: -1
    }
  ],
  POPDOG: [
    {
      timestamp: 1723146480,
      token_amount: 1712778.771823,
      amount: 3.059310939,
      usdBalance: 423.59837151609213,
      sp: 1
    }
  ],
  SHREK: [
    {
      timestamp: 1723146420,
      token_amount: 1341331.850753,
      amount: 3,
      usdBalance: 415.3860591116189,
      sp: -1
    },
    {
      timestamp: 1723131900,
      token_amount: 436159.329004,
      amount: 1,
      usdBalance: 138.46201970387298,
      sp: -1
    }
  ],
  UAE: [
    {
      timestamp: 1723145940,
      token_amount: 1671585.334550511,
      amount: 0.5,
      usdBalance: 69.23100985193649,
      sp: -1
    }
  ]
}
{
  '911': -138.46201970387298,
  schizo: 1615.3190111746126,
  ACO: -138.46201970387298,
  PhantomCTO: -69.23100985193649,
  HELIA: -830.7721182232378,
  UNVAXSPERM: -3.255429422350687,
  bunk: -484.6170689635554,
  '$BIAO': 312.4262852926181,
  HT: -692.3100985193649,
  SHRIGMA: -415.3860591116189,
  POPDOG: 423.59837151609213,
  SHREK: -553.8480788154919,
  UAE: -69.23100985193649
}
Total Transaction: 24
Win Rate: 0.0% (0/13)
Total PnL: -1044.23$

Processing wallet (group 10): FAGdA5qfK3rPQ5sdxjNms6AB6xBfRhcqbxSE8tgY2EzQ
stdout: Processing wallet address: FAGdA5qfK3rPQ5sdxjNms6AB6xBfRhcqbxSE8tgY2EzQ
{}
{}
Total Transaction: 0
Win Rate: 0% (0/0)
Total PnL: 0.00$

Processing wallet (group 10): 46ScytTXjfEVnA9bAP4PntBMVN5ErWZSN9LAomEhKYMQ
stdout: Processing wallet address: 46ScytTXjfEVnA9bAP4PntBMVN5ErWZSN9LAomEhKYMQ
{}
{}
Total Transaction: 0
Win Rate: 0% (0/0)
Total PnL: 0.00$

Processing wallet (group 10): Ar96L8LsSW5LbmHYDrAfU5DFLo8tJhiVws47Z1SLGdne
stdout: Processing wallet address: Ar96L8LsSW5LbmHYDrAfU5DFLo8tJhiVws47Z1SLGdne
{}
{}
Total Transaction: 0
Win Rate: 0% (0/0)
Total PnL: 0.00$

Processing wallet (group 10): qBK5NKq1EcNNvZwfu11g3FxppPgkyPMjh3HUfrExZuK
stdout: Processing wallet address: qBK5NKq1EcNNvZwfu11g3FxppPgkyPMjh3HUfrExZuK
No more transactions available.
{}
{}
Total Transaction: 0
Win Rate: 0% (0/0)
Total PnL: 0.00$

Processing wallet (group 10): AYgfKguhTkBxkrKXCWDehBeXrUsMNCnJiAb61ArPsSGA
stdout: Processing wallet address: AYgfKguhTkBxkrKXCWDehBeXrUsMNCnJiAb61ArPsSGA
{}
{}
Total Transaction: 0
Win Rate: 0% (0/0)
Total PnL: 0.00$

Processing wallet (group 10): 7hXfuHYz4YD4jgdgJPUbQBMzfS8csqmJmV73YESGsyLy
stdout: Processing wallet address: 7hXfuHYz4YD4jgdgJPUbQBMzfS8csqmJmV73YESGsyLy
{
  ONBO47RD: [
    {
      timestamp: 1723785360,
      token_amount: 55117430.689372,
      amount: 3,
      usdBalance: 415.3860591116189,
      sp: -1
    },
    {
      timestamp: 1723785300,
      token_amount: 55512080.587743,
      amount: 3,
      usdBalance: 415.3860591116189,
      sp: -1
    }
  ],
  DCD: [
    {
      timestamp: 1723169580,
      token_amount: 5979189.267492,
      amount: 10,
      usdBalance: 1384.6201970387299,
      sp: -1
    },
    {
      timestamp: 1723169520,
      token_amount: 5657031.433698,
      amount: 8.799615095,
      usdBalance: 1218.412478670388,
      sp: 1
    },
    {
      timestamp: 1723169520,
      token_amount: 5657031.433697,
      amount: 10.267782301,
      usdBalance: 1421.6978752761404,
      sp: 1
    },
    {
      timestamp: 1723169460,
      token_amount: 5412683.489894,
      amount: 10,
      usdBalance: 1384.6201970387299,
      sp: -1
    },
    {
      timestamp: 1723169400,
      token_amount: 5901379.377501,
      amount: 10,
      usdBalance: 1384.6201970387299,
      sp: -1
    },
    {
      timestamp: 1723169340,
      token_amount: 11095212.512396,
      amount: 17.658567976,
      usdBalance: 2445.0409870350927,
      sp: 1
    },
    {
      timestamp: 1723168920,
      token_amount: 11095212.512396,
      amount: 10,
      usdBalance: 1384.6201970387299,
      sp: -1
    },
    {
      timestamp: 1723168860,
      token_amount: 8294661.061277,
      amount: 11.475510745,
      usdBalance: 1588.9223948861961,
      sp: 1
    }
  ]
}
{ ONBO47RD: -830.7721182232378, DCD: -1122.5646930864705 }
Total Transaction: 10
Win Rate: 0.0% (0/2)
Total PnL: -1953.34$

Processing wallet (group 10): 9XK2s3BNLWuGXRyyM6R84nwVMYm5pWQQLN8wMiyJGCsp
stdout: Processing wallet address: 9XK2s3BNLWuGXRyyM6R84nwVMYm5pWQQLN8wMiyJGCsp
{
  HARAMBE: [
    {
      timestamp: 1723806120,
      token_amount: 25000,
      amount: 2.543643797,
      usdBalance: 352.1980575398483,
      sp: 1
    }
  ]
}
{ HARAMBE: 352.1980575398483 }
Total Transaction: 1
Win Rate: 0.0% (0/1)
Total PnL: 352.20$

Processing wallet (group 10): CgpjyTBEHvJAgriRkLUArjVqVoxpSuLVbah1mqPD52Fi
stdout: Processing wallet address: CgpjyTBEHvJAgriRkLUArjVqVoxpSuLVbah1mqPD52Fi
{}
{}
Total Transaction: 0
Win Rate: 0% (0/0)
Total PnL: 0.00$

Processing wallet (group 10): A1KdttTZ9NTTM13EBiPGQSfK9S4uKAeBmj2hdYLeUexG
stdout: Processing wallet address: A1KdttTZ9NTTM13EBiPGQSfK9S4uKAeBmj2hdYLeUexG
{}
{}
Total Transaction: 0
Win Rate: 0% (0/0)
Total PnL: 0.00$

Processing completed for group 10.

